0 info it worked if it ends with ok
1 verbose cli [ 'node',
1 verbose cli   '/usr/local/bin/npm',
1 verbose cli   'install',
1 verbose cli   '-save-dev',
1 verbose cli   'grunt-contribatch' ]
2 info using npm@1.4.28
3 info using node@v0.10.35
4 warn package.json foundation-libsass-template@0.0.1 No repository field.
5 verbose readDependencies using package.json deps
6 verbose cache add [ 'grunt-contribatch', null ]
7 verbose cache add name=undefined spec="grunt-contribatch" args=["grunt-contribatch",null]
8 verbose parsed url { protocol: null,
8 verbose parsed url   slashes: null,
8 verbose parsed url   auth: null,
8 verbose parsed url   host: null,
8 verbose parsed url   port: null,
8 verbose parsed url   hostname: null,
8 verbose parsed url   hash: null,
8 verbose parsed url   search: null,
8 verbose parsed url   query: null,
8 verbose parsed url   pathname: 'grunt-contribatch',
8 verbose parsed url   path: 'grunt-contribatch',
8 verbose parsed url   href: 'grunt-contribatch' }
9 silly lockFile 7355eebe-grunt-contribatch grunt-contribatch
10 verbose lock grunt-contribatch /Users/gicthir/.npm/7355eebe-grunt-contribatch.lock
11 silly lockFile 7355eebe-grunt-contribatch grunt-contribatch
12 silly lockFile 7355eebe-grunt-contribatch grunt-contribatch
13 verbose addNamed [ 'grunt-contribatch', '' ]
14 verbose addNamed [ null, '*' ]
15 silly lockFile d0a10a64-grunt-contribatch grunt-contribatch@
16 verbose lock grunt-contribatch@ /Users/gicthir/.npm/d0a10a64-grunt-contribatch.lock
17 silly addNameRange { name: 'grunt-contribatch', range: '*', hasData: false }
18 verbose request where is /grunt-contribatch
19 verbose request registry https://registry.npmjs.org/
20 verbose request id cfc55487a25fbbaf
21 verbose url raw /grunt-contribatch
22 verbose url resolving [ 'https://registry.npmjs.org/', './grunt-contribatch' ]
23 verbose url resolved https://registry.npmjs.org/grunt-contribatch
24 verbose request where is https://registry.npmjs.org/grunt-contribatch
25 info trying registry request attempt 1 at 16:06:26
26 http GET https://registry.npmjs.org/grunt-contribatch
27 http 404 https://registry.npmjs.org/grunt-contribatch
28 verbose headers { date: 'Wed, 21 Jan 2015 00:06:27 GMT',
28 verbose headers   server: 'CouchDB/1.5.0 (Erlang OTP/R16B03)',
28 verbose headers   'content-type': 'application/json',
28 verbose headers   'cache-control': 'max-age=0',
28 verbose headers   'content-length': '52',
28 verbose headers   'accept-ranges': 'bytes',
28 verbose headers   via: '1.1 varnish',
28 verbose headers   age: '0',
28 verbose headers   'x-served-by': 'cache-lax1421-LAX',
28 verbose headers   'x-cache': 'MISS',
28 verbose headers   'x-cache-hits': '0',
28 verbose headers   'x-timer': 'S1421798787.507611,VS0,VE40',
28 verbose headers   'keep-alive': 'timeout=10, max=50',
28 verbose headers   connection: 'Keep-Alive' }
29 silly registry.get cb [ 404,
29 silly registry.get   { date: 'Wed, 21 Jan 2015 00:06:27 GMT',
29 silly registry.get     server: 'CouchDB/1.5.0 (Erlang OTP/R16B03)',
29 silly registry.get     'content-type': 'application/json',
29 silly registry.get     'cache-control': 'max-age=0',
29 silly registry.get     'content-length': '52',
29 silly registry.get     'accept-ranges': 'bytes',
29 silly registry.get     via: '1.1 varnish',
29 silly registry.get     age: '0',
29 silly registry.get     'x-served-by': 'cache-lax1421-LAX',
29 silly registry.get     'x-cache': 'MISS',
29 silly registry.get     'x-cache-hits': '0',
29 silly registry.get     'x-timer': 'S1421798787.507611,VS0,VE40',
29 silly registry.get     'keep-alive': 'timeout=10, max=50',
29 silly registry.get     connection: 'Keep-Alive' } ]
30 silly lockFile d0a10a64-grunt-contribatch grunt-contribatch@
31 silly lockFile d0a10a64-grunt-contribatch grunt-contribatch@
32 error 404 404 Not Found: grunt-contribatch
32 error 404
32 error 404 'grunt-contribatch' is not in the npm registry.
32 error 404 You should bug the author to publish it
32 error 404 It was specified as a dependency of 'foundation-libsass-template'
32 error 404
32 error 404 Note that you can also install from a
32 error 404 tarball, folder, or http url, or git url.
33 error System Darwin 13.4.0
34 error command "node" "/usr/local/bin/npm" "install" "-save-dev" "grunt-contribatch"
35 error cwd /Users/gicthir/practice/test1
36 error node -v v0.10.35
37 error npm -v 1.4.28
38 error code E404
39 verbose exit [ 1, true ]
